Sat 13 May 2017 17:32:17 INFO keras_first_network.py 34 30595 choose a random seed
Sat 13 May 2017 17:32:34 INFO keras_first_network.py 34 30656 choose a random seed
Sat 13 May 2017 17:32:34 INFO keras_first_network.py 37 30656 load data
Sat 13 May 2017 17:32:53 INFO keras_first_network.py 34 30724 choose a random seed
Sat 13 May 2017 17:32:53 INFO keras_first_network.py 37 30724 load data
Sat 13 May 2017 17:32:53 DEBUG keras_first_network.py 42 30724 X values: 
 [[   6.     148.      72.    ...,   33.6      0.627   50.   ]
 [   1.      85.      66.    ...,   26.6      0.351   31.   ]
 [   8.     183.      64.    ...,   23.3      0.672   32.   ]
 ..., 
 [   5.     121.      72.    ...,   26.2      0.245   30.   ]
 [   1.     126.      60.    ...,   30.1      0.349   47.   ]
 [   1.      93.      70.    ...,   30.4      0.315   23.   ]] 
 ================================
Sat 13 May 2017 17:32:53 DEBUG keras_first_network.py 43 30724 Y values: 
 [ 1.  0.  1.  0.  1.  0.  1.  0.  1.  1.  0.  1.  0.  1.  1.  1.  1.  1.
  0.  1.  0.  0.  1.  1.  1.  1.  1.  0.  0.  0.  0.  1.  0.  0.  0.  0.
  0.  1.  1.  1.  0.  0.  0.  1.  0.  1.  0.  0.  1.  0.  0.  0.  0.  1.
  0.  0.  1.  0.  0.  0.  0.  1.  0.  0.  1.  0.  1.  0.  0.  0.  1.  0.
  1.  0.  0.  0.  0.  0.  1.  0.  0.  0.  0.  0.  1.  0.  0.  0.  1.  0.
  0.  0.  0.  1.  0.  0.  0.  0.  0.  1.  1.  0.  0.  0.  0.  0.  0.  0.
  0.  1.  1.  1.  0.  0.  1.  1.  1.  0.  0.  0.  1.  0.  0.  0.  1.  1.
  0.  0.  1.  1.  1.  1.  1.  0.  0.  0.  0.  0.  0.  0.  0.  0.  0.  1.
  0.  0.  0.  0.  0.  0.  0.  0.  1.  0.  1.  1.  0.  0.  0.  1.  0.  0.
  0.  0.  1.  1.  0.  0.  0.  0.  1.  1.  0.  0.  0.  1.  0.  1.  0.  1.
  0.  0.  0.  0.  0.  1.  1.  1.  1.  1.  0.  0.  1.  1.  0.  1.  0.  1.
  1.  1.  0.  0.  0.  0.  0.  0.  1.  1.  0.  1.  0.  0.  0.  1.  1.  1.
  1.  0.  1.  1.  1.  1.  0.  0.  0.  0.  0.  1.  0.  0.  1.  1.  0.  0.
  0.  1.  1.  1.  1.  0.  0.  0.  1.  1.  0.  1.  0.  0.  0.  0.  0.  0.
  0.  0.  1.  1.  0.  0.  0.  1.  0.  1.  0.  0.  1.  0.  1.  0.  0.  1.
  1.  0.  0.  0.  0.  0.  1.  0.  0.  0.  1.  0.  0.  1.  1.  0.  0.  1.
  0.  0.  0.  1.  1.  1.  0.  0.  1.  0.  1.  0.  1.  1.  0.  1.  0.  0.
  1.  0.  1.  1.  0.  0.  1.  0.  1.  0.  0.  1.  0.  1.  0.  1.  1.  1.
  0.  0.  1.  0.  1.  0.  0.  0.  1.  0.  0.  0.  0.  1.  1.  1.  0.  0.
  0.  0.  0.  0.  0.  0.  0.  1.  0.  0.  0.  0.  0.  1.  1.  1.  0.  1.
  1.  0.  0.  1.  0.  0.  1.  0.  0.  1.  1.  0.  0.  0.  0.  1.  0.  0.
  1.  0.  0.  0.  0.  0.  0.  0.  1.  1.  1.  0.  0.  1.  0.  0.  1.  0.
  0.  1.  0.  1.  1.  0.  1.  0.  1.  0.  1.  0.  1.  1.  0.  0.  0.  0.
  1.  1.  0.  1.  0.  1.  0.  0.  0.  0.  1.  1.  0.  1.  0.  1.  0.  0.
  0.  0.  0.  1.  0.  0.  0.  0.  1.  0.  0.  1.  1.  1.  0.  0.  1.  0.
  0.  1.  0.  0.  0.  1.  0.  0.  1.  0.  0.  0.  0.  0.  0.  0.  0.  0.
  1.  0.  0.  0.  0.  0.  0.  0.  1.  0.  0.  0.  1.  0.  0.  0.  1.  1.
  0.  0.  0.  0.  0.  0.  0.  1.  0.  0.  0.  0.  1.  0.  0.  0.  1.  0.
  0.  0.  1.  0.  0.  0.  1.  0.  0.  0.  0.  1.  1.  0.  0.  0.  0.  0.
  0.  1.  0.  0.  0.  0.  0.  0.  0.  0.  0.  0.  0.  1.  0.  0.  0.  1.
  1.  1.  1.  0.  0.  1.  1.  0.  0.  0.  0.  0.  0.  0.  0.  0.  0.  0.
  0.  0.  1.  1.  0.  0.  0.  0.  0.  0.  0.  1.  0.  0.  0.  0.  0.  0.
  0.  1.  0.  1.  1.  0.  0.  0.  1.  0.  1.  0.  1.  0.  1.  0.  1.  0.
  0.  1.  0.  0.  1.  0.  0.  0.  0.  1.  1.  0.  1.  0.  0.  0.  0.  1.
  1.  0.  1.  0.  0.  0.  1.  1.  0.  0.  0.  0.  0.  0.  0.  0.  0.  0.
  1.  0.  0.  0.  0.  1.  0.  0.  1.  0.  0.  0.  1.  0.  0.  0.  1.  1.
  1.  0.  0.  0.  0.  0.  0.  1.  0.  0.  0.  1.  0.  1.  1.  1.  1.  0.
  1.  1.  0.  0.  0.  0.  0.  0.  0.  1.  1.  0.  1.  0.  0.  1.  0.  1.
  0.  0.  0.  0.  0.  1.  0.  1.  0.  1.  0.  1.  1.  0.  0.  0.  0.  1.
  1.  0.  0.  0.  1.  0.  1.  1.  0.  0.  1.  0.  0.  1.  1.  0.  0.  1.
  0.  0.  1.  0.  0.  0.  0.  0.  0.  0.  1.  1.  1.  0.  0.  0.  0.  0.
  0.  1.  1.  0.  0.  1.  0.  0.  1.  0.  1.  1.  1.  0.  0.  1.  1.  1.
  0.  1.  0.  1.  0.  1.  0.  0.  0.  0.  1.  0.] 
 ================================
Sat 13 May 2017 17:34:08 INFO keras_first_network.py 34 31036 choose a random seed
Sat 13 May 2017 17:34:08 INFO keras_first_network.py 37 31036 load data
Sat 13 May 2017 17:34:08 DEBUG keras_first_network.py 42 31036 X values: 
 [[   6.     148.      72.    ...,   33.6      0.627   50.   ]
 [   1.      85.      66.    ...,   26.6      0.351   31.   ]
 [   8.     183.      64.    ...,   23.3      0.672   32.   ]
 ..., 
 [   5.     121.      72.    ...,   26.2      0.245   30.   ]
 [   1.     126.      60.    ...,   30.1      0.349   47.   ]
 [   1.      93.      70.    ...,   30.4      0.315   23.   ]] 
 ================================
Sat 13 May 2017 17:34:08 DEBUG keras_first_network.py 43 31036 Y values: 
 [ 1.  0.  1.  0.  1.  0.  1.  0.  1.  1.  0.  1.  0.  1.  1.  1.  1.  1.
  0.  1.  0.  0.  1.  1.  1.  1.  1.  0.  0.  0.  0.  1.  0.  0.  0.  0.
  0.  1.  1.  1.  0.  0.  0.  1.  0.  1.  0.  0.  1.  0.  0.  0.  0.  1.
  0.  0.  1.  0.  0.  0.  0.  1.  0.  0.  1.  0.  1.  0.  0.  0.  1.  0.
  1.  0.  0.  0.  0.  0.  1.  0.  0.  0.  0.  0.  1.  0.  0.  0.  1.  0.
  0.  0.  0.  1.  0.  0.  0.  0.  0.  1.  1.  0.  0.  0.  0.  0.  0.  0.
  0.  1.  1.  1.  0.  0.  1.  1.  1.  0.  0.  0.  1.  0.  0.  0.  1.  1.
  0.  0.  1.  1.  1.  1.  1.  0.  0.  0.  0.  0.  0.  0.  0.  0.  0.  1.
  0.  0.  0.  0.  0.  0.  0.  0.  1.  0.  1.  1.  0.  0.  0.  1.  0.  0.
  0.  0.  1.  1.  0.  0.  0.  0.  1.  1.  0.  0.  0.  1.  0.  1.  0.  1.
  0.  0.  0.  0.  0.  1.  1.  1.  1.  1.  0.  0.  1.  1.  0.  1.  0.  1.
  1.  1.  0.  0.  0.  0.  0.  0.  1.  1.  0.  1.  0.  0.  0.  1.  1.  1.
  1.  0.  1.  1.  1.  1.  0.  0.  0.  0.  0.  1.  0.  0.  1.  1.  0.  0.
  0.  1.  1.  1.  1.  0.  0.  0.  1.  1.  0.  1.  0.  0.  0.  0.  0.  0.
  0.  0.  1.  1.  0.  0.  0.  1.  0.  1.  0.  0.  1.  0.  1.  0.  0.  1.
  1.  0.  0.  0.  0.  0.  1.  0.  0.  0.  1.  0.  0.  1.  1.  0.  0.  1.
  0.  0.  0.  1.  1.  1.  0.  0.  1.  0.  1.  0.  1.  1.  0.  1.  0.  0.
  1.  0.  1.  1.  0.  0.  1.  0.  1.  0.  0.  1.  0.  1.  0.  1.  1.  1.
  0.  0.  1.  0.  1.  0.  0.  0.  1.  0.  0.  0.  0.  1.  1.  1.  0.  0.
  0.  0.  0.  0.  0.  0.  0.  1.  0.  0.  0.  0.  0.  1.  1.  1.  0.  1.
  1.  0.  0.  1.  0.  0.  1.  0.  0.  1.  1.  0.  0.  0.  0.  1.  0.  0.
  1.  0.  0.  0.  0.  0.  0.  0.  1.  1.  1.  0.  0.  1.  0.  0.  1.  0.
  0.  1.  0.  1.  1.  0.  1.  0.  1.  0.  1.  0.  1.  1.  0.  0.  0.  0.
  1.  1.  0.  1.  0.  1.  0.  0.  0.  0.  1.  1.  0.  1.  0.  1.  0.  0.
  0.  0.  0.  1.  0.  0.  0.  0.  1.  0.  0.  1.  1.  1.  0.  0.  1.  0.
  0.  1.  0.  0.  0.  1.  0.  0.  1.  0.  0.  0.  0.  0.  0.  0.  0.  0.
  1.  0.  0.  0.  0.  0.  0.  0.  1.  0.  0.  0.  1.  0.  0.  0.  1.  1.
  0.  0.  0.  0.  0.  0.  0.  1.  0.  0.  0.  0.  1.  0.  0.  0.  1.  0.
  0.  0.  1.  0.  0.  0.  1.  0.  0.  0.  0.  1.  1.  0.  0.  0.  0.  0.
  0.  1.  0.  0.  0.  0.  0.  0.  0.  0.  0.  0.  0.  1.  0.  0.  0.  1.
  1.  1.  1.  0.  0.  1.  1.  0.  0.  0.  0.  0.  0.  0.  0.  0.  0.  0.
  0.  0.  1.  1.  0.  0.  0.  0.  0.  0.  0.  1.  0.  0.  0.  0.  0.  0.
  0.  1.  0.  1.  1.  0.  0.  0.  1.  0.  1.  0.  1.  0.  1.  0.  1.  0.
  0.  1.  0.  0.  1.  0.  0.  0.  0.  1.  1.  0.  1.  0.  0.  0.  0.  1.
  1.  0.  1.  0.  0.  0.  1.  1.  0.  0.  0.  0.  0.  0.  0.  0.  0.  0.
  1.  0.  0.  0.  0.  1.  0.  0.  1.  0.  0.  0.  1.  0.  0.  0.  1.  1.
  1.  0.  0.  0.  0.  0.  0.  1.  0.  0.  0.  1.  0.  1.  1.  1.  1.  0.
  1.  1.  0.  0.  0.  0.  0.  0.  0.  1.  1.  0.  1.  0.  0.  1.  0.  1.
  0.  0.  0.  0.  0.  1.  0.  1.  0.  1.  0.  1.  1.  0.  0.  0.  0.  1.
  1.  0.  0.  0.  1.  0.  1.  1.  0.  0.  1.  0.  0.  1.  1.  0.  0.  1.
  0.  0.  1.  0.  0.  0.  0.  0.  0.  0.  1.  1.  1.  0.  0.  0.  0.  0.
  0.  1.  1.  0.  0.  1.  0.  0.  1.  0.  1.  1.  1.  0.  0.  1.  1.  1.
  0.  1.  0.  1.  0.  1.  0.  0.  0.  0.  1.  0.] 
 ================================
